SF:lib/src/core/domain/models/home.dart
DA:12,2
DA:18,0
DA:20,0
DA:22,0
DA:24,0
LF:5
LH:1
end_of_record
SF:lib/src/core/domain/models/home.g.dart
DA:9,0
DA:10,0
DA:11,0
DA:12,0
DA:15,0
DA:16,0
DA:17,0
DA:18,0
LF:8
LH:0
end_of_record
SF:lib/src/core/domain/usecases/home/get_homes_usecase.dart
DA:12,1
DA:14,1
DA:17,2
LF:3
LH:3
end_of_record
SF:lib/src/core/domain/usecases/use_cases_failure.dart
DA:4,7
DA:8,0
DA:12,8
LF:3
LH:2
end_of_record
SF:lib/src/core/domain/models/address.dart
DA:12,2
DA:19,0
DA:21,0
DA:23,0
DA:25,0
LF:5
LH:1
end_of_record
SF:lib/src/core/domain/models/address.g.dart
DA:9,0
DA:10,0
DA:11,0
DA:12,0
DA:13,0
DA:16,0
DA:17,0
DA:18,0
DA:19,0
DA:20,0
LF:10
LH:0
end_of_record
SF:lib/src/core/domain/usecases/home/update_home_usecase.dart
DA:14,1
DA:16,1
DA:19,3
LF:3
LH:3
end_of_record
SF:lib/src/core/domain/usecases/home/delete_home_usecase.dart
DA:12,1
DA:14,1
DA:17,3
DA:20,1
LF:4
LH:4
end_of_record
SF:lib/src/core/domain/usecases/home/add_home_usecase.dart
DA:15,1
DA:17,1
DA:20,4
LF:3
LH:3
end_of_record
